<html>
<head>
<title>TestNG:  Automation</title>
<link href="../testng.css" rel="stylesheet" type="text/css" />
<link href="../my-testng.css" rel="stylesheet" type="text/css" />

<style type="text/css">
.log { display: none;} 
.stack-trace { display: none;} 
</style>
<script type="text/javascript">
<!--
function flip(e) {
  current = e.style.display;
  if (current == 'block') {
    e.style.display = 'none';
    return 0;
  }
  else {
    e.style.display = 'block';
    return 1;
  }
}

function toggleBox(szDivId, elem, msg1, msg2)
{
  var res = -1;  if (document.getElementById) {
    res = flip(document.getElementById(szDivId));
  }
  else if (document.all) {
    // this is the way old msie versions work
    res = flip(document.all[szDivId]);
  }
  if(elem) {
    if(res == 0) elem.innerHTML = msg1; else elem.innerHTML = msg2;
  }

}

function toggleAllBoxes() {
  if (document.getElementsByTagName) {
    d = document.getElementsByTagName('div');
    for (i = 0; i < d.length; i++) {
      if (d[i].className == 'log') {
        flip(d[i]);
      }
    }
  }
}

// -->
</script>

</head>
<body>
<h2 align='center'>Automation</h2><table border='1' align="center">
<tr>
<td>Tests passed/Failed/Skipped:</td><td>12/4/0</td>
</tr><tr>
<td>Started on:</td><td>Tue Nov 07 17:20:00 IST 2023</td>
</tr>
<tr><td>Total time:</td><td>2274 seconds (2274366 ms)</td>
</tr><tr>
<td>Included groups:</td><td></td>
</tr><tr>
<td>Excluded groups:</td><td></td>
</tr>
</table><p/>
<small><i>(Hover the method name to see the test class name)</i></small><p/>
<table width='100%' border='1' class='invocation-failed'>
<tr><td colspan='4' align='center'><b>FAILED TESTS</b></td></tr>
<tr><td><b>Test method</b></td>
<td><b>Attribute(s)</b></td>
<td width="30%"><b>Exception</b></td>
<td width="10%"><b>Time (seconds)</b></td>
<td><b>Instance</b></td>
</tr>
<tr>
<td title='com.GuestUserWith_Checkout_Paypal.tc__GuestUserRandomProductFromPDP_InCheckoutPaypal.GuestUserRandomProductFromPDP_InCheckoutPaypal()'><b>GuestUserRandomProductFromPDP_InCheckoutPaypal</b><br>Test class: com.GuestUserWith_Checkout_Paypal.tc__GuestUserRandomProductFromPDP_InCheckoutPaypal</td>
<td><div><pre>org.openqa.selenium.ElementNotInteractableException: element not interactable
  (Session info: chrome=119.0.6045.105)
Build info: version: &apos;4.11.0&apos;, revision: &apos;040bc5406b&apos;
System info: os.name: &apos;Windows 11&apos;, os.arch: &apos;amd64&apos;, os.version: &apos;10.0&apos;, java.version: &apos;17.0.9&apos;
Driver info: org.openqa.selenium.chrome.ChromeDriver
Command: [78ebb9394ac3ba6da0447e538906aeb0, clickElement {id=C2305D89213965AB29845D1BCDD361A7_element_519}]
Capabilities {acceptInsecureCerts: false, browserName: chrome, browserVersion: 119.0.6045.105, chrome: {chromedriverVersion: 119.0.6045.105 (38c72552c5e..., userDataDir: C:\Users\YERRAG~1\AppData\L...}, fedcm:accounts: true, goog:chromeOptions: {debuggerAddress: localhost:65494}, networkConnectionEnabled: false, pageLoadStrategy: normal, platformName: windows, proxy: Proxy(), se:cdp: ws://localhost:65494/devtoo..., se:cdpVersion: 119.0.6045.105, setWindowRect: true, strictFileInteractability: false, timeouts: {implicit: 0, pageLoad: 300000, script: 30000}, unhandledPromptBehavior: dismiss and notify, webauthn:extension:credBlob: true, webauthn:extension:largeBlob: true, webauthn:extension:minPinLength: true, webauthn:extension:prf: true, webauthn:virtualAuthenticators: true}
Element: [[ChromeDriver: chrome on windows (78ebb9394ac3ba6da0447e538906aeb0)] -&gt; xpath: (//a[contains(@class, &apos;add-to-cart&apos;)])[2]]
Session ID: 78ebb9394ac3ba6da0447e538906aeb0
	at org.openqa.selenium.remote.codec.w3c.W3CHttpResponseCodec.createException(W3CHttpResponseCodec.java:200)
	at org.openqa.selenium.remote.codec.w3c.W3CHttpResponseCodec.decode(W3CHttpResponseCodec.java:133)
	at org.openqa.selenium.remote.codec.w3c.W3CHttpResponseCodec.decode(W3CHttpResponseCodec.java:52)
	at org.openqa.selenium.remote.HttpCommandExecutor.execute(HttpCommandExecutor.java:191)
	at org.openqa.selenium.remote.service.DriverCommandExecutor.invokeExecute(DriverCommandExecutor.java:196)
	at org.openqa.selenium.remote.service.DriverCommandExecutor.execute(DriverCommandExecutor.java:171)
	at org.openqa.selenium.remote.RemoteWebDriver.execute(RemoteWebDriver.java:518)
	at org.openqa.selenium.remote.RemoteWebElement.execute(RemoteWebElement.java:224)
	at org.openqa.selenium.remote.RemoteWebElement.click(RemoteWebElement.java:77)
	at com.PageObjects.productListingPage.addToCartFromPlp(productListingPage.java:77)
	at com.Scenarios.plpPage.addtocartplp(plpPage.java:20)
	at com.Scenarios.menuSelction.randommenu(menuSelction.java:71)
	at com.PageObjects.navigationProcess.selectRandomMenu(navigationProcess.java:19)
	at com.Scenarios.pdpPage.addtoCartPDP(pdpPage.java:53)
	at com.GuestUserWith_Checkout_Paypal.tc__GuestUserRandomProductFromPDP_InCheckoutPaypal.GuestUserRandomProductFromPDP_InCheckoutPaypal(tc__GuestUserRandomProductFromPDP_InCheckoutPaypal.java:19)
	at java.base/java.util.ArrayList.forEach(ArrayList.java:1511)
... Removed 32 stack frames</pre></div><a href='#' onClick='toggleBox("stack-trace1579897131", this, "Click to show all stack frames", "Click to hide stack frames")'>Click to show all stack frames</a>
<div class='stack-trace' id='stack-trace1579897131'><pre>org.openqa.selenium.ElementNotInteractableException: element not interactable
  (Session info: chrome=119.0.6045.105)
Build info: version: &apos;4.11.0&apos;, revision: &apos;040bc5406b&apos;
System info: os.name: &apos;Windows 11&apos;, os.arch: &apos;amd64&apos;, os.version: &apos;10.0&apos;, java.version: &apos;17.0.9&apos;
Driver info: org.openqa.selenium.chrome.ChromeDriver
Command: [78ebb9394ac3ba6da0447e538906aeb0, clickElement {id=C2305D89213965AB29845D1BCDD361A7_element_519}]
Capabilities {acceptInsecureCerts: false, browserName: chrome, browserVersion: 119.0.6045.105, chrome: {chromedriverVersion: 119.0.6045.105 (38c72552c5e..., userDataDir: C:\Users\YERRAG~1\AppData\L...}, fedcm:accounts: true, goog:chromeOptions: {debuggerAddress: localhost:65494}, networkConnectionEnabled: false, pageLoadStrategy: normal, platformName: windows, proxy: Proxy(), se:cdp: ws://localhost:65494/devtoo..., se:cdpVersion: 119.0.6045.105, setWindowRect: true, strictFileInteractability: false, timeouts: {implicit: 0, pageLoad: 300000, script: 30000}, unhandledPromptBehavior: dismiss and notify, webauthn:extension:credBlob: true, webauthn:extension:largeBlob: true, webauthn:extension:minPinLength: true, webauthn:extension:prf: true, webauthn:virtualAuthenticators: true}
Element: [[ChromeDriver: chrome on windows (78ebb9394ac3ba6da0447e538906aeb0)] -&gt; xpath: (//a[contains(@class, &apos;add-to-cart&apos;)])[2]]
Session ID: 78ebb9394ac3ba6da0447e538906aeb0
	at java.base/jdk.internal.reflect.NativeConstructorAccessorImpl.newInstance0(Native Method)
	at java.base/jdk.internal.reflect.NativeConstructorAccessorImpl.newInstance(NativeConstructorAccessorImpl.java:77)
	at java.base/jdk.internal.reflect.DelegatingConstructorAccessorImpl.newInstance(DelegatingConstructorAccessorImpl.java:45)
	at java.base/java.lang.reflect.Constructor.newInstanceWithCaller(Constructor.java:499)
	at java.base/java.lang.reflect.Constructor.newInstance(Constructor.java:480)
	at org.openqa.selenium.remote.codec.w3c.W3CHttpResponseCodec.createException(W3CHttpResponseCodec.java:200)
	at org.openqa.selenium.remote.codec.w3c.W3CHttpResponseCodec.decode(W3CHttpResponseCodec.java:133)
	at org.openqa.selenium.remote.codec.w3c.W3CHttpResponseCodec.decode(W3CHttpResponseCodec.java:52)
	at org.openqa.selenium.remote.HttpCommandExecutor.execute(HttpCommandExecutor.java:191)
	at org.openqa.selenium.remote.service.DriverCommandExecutor.invokeExecute(DriverCommandExecutor.java:196)
	at org.openqa.selenium.remote.service.DriverCommandExecutor.execute(DriverCommandExecutor.java:171)
	at org.openqa.selenium.remote.RemoteWebDriver.execute(RemoteWebDriver.java:518)
	at org.openqa.selenium.remote.RemoteWebElement.execute(RemoteWebElement.java:224)
	at org.openqa.selenium.remote.RemoteWebElement.click(RemoteWebElement.java:77)
	at com.PageObjects.productListingPage.addToCartFromPlp(productListingPage.java:77)
	at com.Scenarios.plpPage.addtocartplp(plpPage.java:20)
	at com.Scenarios.menuSelction.randommenu(menuSelction.java:71)
	at com.PageObjects.navigationProcess.selectRandomMenu(navigationProcess.java:19)
	at com.Scenarios.pdpPage.addtoCartPDP(pdpPage.java:53)
	at com.GuestUserWith_Checkout_Paypal.tc__GuestUserRandomProductFromPDP_InCheckoutPaypal.GuestUserRandomProductFromPDP_InCheckoutPaypal(tc__GuestUserRandomProductFromPDP_InCheckoutPaypal.java:19)
	at java.base/jdk.internal.reflect.NativeMethodAccessorImpl.invoke0(Native Method)
	at java.base/jdk.internal.reflect.NativeMethodAccessorImpl.invoke(NativeMethodAccessorImpl.java:77)
	at java.base/jdk.internal.reflect.DelegatingMethodAccessorImpl.invoke(DelegatingMethodAccessorImpl.java:43)
	at java.base/java.lang.reflect.Method.invoke(Method.java:568)
	at org.testng.internal.invokers.MethodInvocationHelper.invokeMethod(MethodInvocationHelper.java:139)
	at org.testng.internal.invokers.TestInvoker.invokeMethod(TestInvoker.java:677)
	at org.testng.internal.invokers.TestInvoker.invokeTestMethod(TestInvoker.java:221)
	at org.testng.internal.invokers.MethodRunner.runInSequence(MethodRunner.java:50)
	at org.testng.internal.invokers.TestInvoker$MethodInvocationAgent.invoke(TestInvoker.java:969)
	at org.testng.internal.invokers.TestInvoker.invokeTestMethods(TestInvoker.java:194)
	at org.testng.internal.invokers.TestMethodWorker.invokeTestMethods(TestMethodWorker.java:148)
	at org.testng.internal.invokers.TestMethodWorker.run(TestMethodWorker.java:128)
	at java.base/java.util.ArrayList.forEach(ArrayList.java:1511)
	at org.testng.TestRunner.privateRun(TestRunner.java:829)
	at org.testng.TestRunner.run(TestRunner.java:602)
	at org.testng.SuiteRunner.runTest(SuiteRunner.java:437)
	at org.testng.SuiteRunner.runSequentially(SuiteRunner.java:431)
	at org.testng.SuiteRunner.privateRun(SuiteRunner.java:391)
	at org.testng.SuiteRunner.run(SuiteRunner.java:330)
	at org.testng.SuiteRunnerWorker.runSuite(SuiteRunnerWorker.java:52)
	at org.testng.SuiteRunnerWorker.run(SuiteRunnerWorker.java:95)
	at org.testng.TestNG.runSuitesSequentially(TestNG.java:1256)
	at org.testng.TestNG.runSuitesLocally(TestNG.java:1176)
	at org.testng.TestNG.runSuites(TestNG.java:1099)
	at org.testng.TestNG.run(TestNG.java:1067)
	at org.testng.remote.AbstractRemoteTestNG.run(AbstractRemoteTestNG.java:115)
	at org.testng.remote.RemoteTestNG.initAndRun(RemoteTestNG.java:251)
	at org.testng.remote.RemoteTestNG.main(RemoteTestNG.java:77)
</pre></div></td>
<td>31</td>
<td>com.GuestUserWith_Checkout_Paypal.tc__GuestUserRandomProductFromPDP_InCheckoutPaypal@4ed9f7b1</td></tr>
<tr>
<td title='com.GuestUserWith_Checkout_Paypal.tc__HomePageCLPInCheckoutPaypal.HomePageCLPInCheckoutPaypal()'><b>HomePageCLPInCheckoutPaypal</b><br>Test class: com.GuestUserWith_Checkout_Paypal.tc__HomePageCLPInCheckoutPaypal</td>
<td><div><pre>org.openqa.selenium.TimeoutException: Expected condition failed: waiting for at least one condition to be valid: visibility of element located by By.xpath: //div[contains(text(),&apos;Successfully added to your cart.&apos;)] || element to be clickable: By.xpath: //div[contains(text(),&apos;! Quantity adjusted to maximum available.&apos;)] (tried for 30 second(s) with 100 milliseconds interval)
Build info: version: &apos;4.11.0&apos;, revision: &apos;040bc5406b&apos;
System info: os.name: &apos;Windows 11&apos;, os.arch: &apos;amd64&apos;, os.version: &apos;10.0&apos;, java.version: &apos;17.0.9&apos;
Driver info: driver.version: unknown
	at org.openqa.selenium.support.ui.FluentWait.timeoutException(FluentWait.java:262)
	at org.openqa.selenium.support.ui.FluentWait.until(FluentWait.java:230)
	at com.Validations.validationpopupMessages.validatingProductisAddtoCart(validationpopupMessages.java:36)
	at com.PageObjects.viewCartPage.removeBtn(viewCartPage.java:108)
	at com.PaymentProccess.MinicartViewCartProcess.checkoutprocess(MinicartViewCartProcess.java:53)
	at com.GuestUserWith_Checkout_Paypal.tc__HomePageCLPInCheckoutPaypal.HomePageCLPInCheckoutPaypal(tc__HomePageCLPInCheckoutPaypal.java:25)
	at java.base/java.util.ArrayList.forEach(ArrayList.java:1511)
... Removed 27 stack frames</pre></div><a href='#' onClick='toggleBox("stack-trace1341644416", this, "Click to show all stack frames", "Click to hide stack frames")'>Click to show all stack frames</a>
<div class='stack-trace' id='stack-trace1341644416'><pre>org.openqa.selenium.TimeoutException: Expected condition failed: waiting for at least one condition to be valid: visibility of element located by By.xpath: //div[contains(text(),&apos;Successfully added to your cart.&apos;)] || element to be clickable: By.xpath: //div[contains(text(),&apos;! Quantity adjusted to maximum available.&apos;)] (tried for 30 second(s) with 100 milliseconds interval)
Build info: version: &apos;4.11.0&apos;, revision: &apos;040bc5406b&apos;
System info: os.name: &apos;Windows 11&apos;, os.arch: &apos;amd64&apos;, os.version: &apos;10.0&apos;, java.version: &apos;17.0.9&apos;
Driver info: driver.version: unknown
	at org.openqa.selenium.support.ui.FluentWait.timeoutException(FluentWait.java:262)
	at org.openqa.selenium.support.ui.FluentWait.until(FluentWait.java:230)
	at com.Validations.validationpopupMessages.validatingProductisAddtoCart(validationpopupMessages.java:36)
	at com.PageObjects.viewCartPage.removeBtn(viewCartPage.java:108)
	at com.PaymentProccess.MinicartViewCartProcess.checkoutprocess(MinicartViewCartProcess.java:53)
	at com.GuestUserWith_Checkout_Paypal.tc__HomePageCLPInCheckoutPaypal.HomePageCLPInCheckoutPaypal(tc__HomePageCLPInCheckoutPaypal.java:25)
	at java.base/jdk.internal.reflect.NativeMethodAccessorImpl.invoke0(Native Method)
	at java.base/jdk.internal.reflect.NativeMethodAccessorImpl.invoke(NativeMethodAccessorImpl.java:77)
	at java.base/jdk.internal.reflect.DelegatingMethodAccessorImpl.invoke(DelegatingMethodAccessorImpl.java:43)
	at java.base/java.lang.reflect.Method.invoke(Method.java:568)
	at org.testng.internal.invokers.MethodInvocationHelper.invokeMethod(MethodInvocationHelper.java:139)
	at org.testng.internal.invokers.TestInvoker.invokeMethod(TestInvoker.java:677)
	at org.testng.internal.invokers.TestInvoker.invokeTestMethod(TestInvoker.java:221)
	at org.testng.internal.invokers.MethodRunner.runInSequence(MethodRunner.java:50)
	at org.testng.internal.invokers.TestInvoker$MethodInvocationAgent.invoke(TestInvoker.java:969)
	at org.testng.internal.invokers.TestInvoker.invokeTestMethods(TestInvoker.java:194)
	at org.testng.internal.invokers.TestMethodWorker.invokeTestMethods(TestMethodWorker.java:148)
	at org.testng.internal.invokers.TestMethodWorker.run(TestMethodWorker.java:128)
	at java.base/java.util.ArrayList.forEach(ArrayList.java:1511)
	at org.testng.TestRunner.privateRun(TestRunner.java:829)
	at org.testng.TestRunner.run(TestRunner.java:602)
	at org.testng.SuiteRunner.runTest(SuiteRunner.java:437)
	at org.testng.SuiteRunner.runSequentially(SuiteRunner.java:431)
	at org.testng.SuiteRunner.privateRun(SuiteRunner.java:391)
	at org.testng.SuiteRunner.run(SuiteRunner.java:330)
	at org.testng.SuiteRunnerWorker.runSuite(SuiteRunnerWorker.java:52)
	at org.testng.SuiteRunnerWorker.run(SuiteRunnerWorker.java:95)
	at org.testng.TestNG.runSuitesSequentially(TestNG.java:1256)
	at org.testng.TestNG.runSuitesLocally(TestNG.java:1176)
	at org.testng.TestNG.runSuites(TestNG.java:1099)
	at org.testng.TestNG.run(TestNG.java:1067)
	at org.testng.remote.AbstractRemoteTestNG.run(AbstractRemoteTestNG.java:115)
	at org.testng.remote.RemoteTestNG.initAndRun(RemoteTestNG.java:251)
	at org.testng.remote.RemoteTestNG.main(RemoteTestNG.java:77)
</pre></div></td>
<td>125</td>
<td>com.GuestUserWith_Checkout_Paypal.tc__HomePageCLPInCheckoutPaypal@20580d4e</td></tr>
<tr>
<td title='com.GuestUserWith_GiftCard.tc__HomePageBannerPLPInGC.homePageBannerPLPInGC()'><b>homePageBannerPLPInGC</b><br>Test class: com.GuestUserWith_GiftCard.tc__HomePageBannerPLPInGC</td>
<td><div><pre>org.openqa.selenium.TimeoutException: Expected condition failed: waiting for at least one condition to be valid: visibility of element located by By.xpath: //div[contains(text(),&apos;Successfully added to your cart.&apos;)] || element to be clickable: By.xpath: //div[contains(text(),&apos;! Quantity adjusted to maximum available.&apos;)] (tried for 30 second(s) with 100 milliseconds interval)
Build info: version: &apos;4.11.0&apos;, revision: &apos;040bc5406b&apos;
System info: os.name: &apos;Windows 11&apos;, os.arch: &apos;amd64&apos;, os.version: &apos;10.0&apos;, java.version: &apos;17.0.9&apos;
Driver info: driver.version: unknown
	at org.openqa.selenium.support.ui.FluentWait.timeoutException(FluentWait.java:262)
	at org.openqa.selenium.support.ui.FluentWait.until(FluentWait.java:230)
	at com.Validations.validationpopupMessages.validatingProductisAddtoCart(validationpopupMessages.java:36)
	at com.PageObjects.viewCartPage.removeBtn(viewCartPage.java:108)
	at com.PaymentProccess.MinicartViewCartProcess.checkoutprocess(MinicartViewCartProcess.java:53)
	at com.GuestUserWith_GiftCard.tc__HomePageBannerPLPInGC.homePageBannerPLPInGC(tc__HomePageBannerPLPInGC.java:25)
	at java.base/java.util.ArrayList.forEach(ArrayList.java:1511)
... Removed 27 stack frames</pre></div><a href='#' onClick='toggleBox("stack-trace850075443", this, "Click to show all stack frames", "Click to hide stack frames")'>Click to show all stack frames</a>
<div class='stack-trace' id='stack-trace850075443'><pre>org.openqa.selenium.TimeoutException: Expected condition failed: waiting for at least one condition to be valid: visibility of element located by By.xpath: //div[contains(text(),&apos;Successfully added to your cart.&apos;)] || element to be clickable: By.xpath: //div[contains(text(),&apos;! Quantity adjusted to maximum available.&apos;)] (tried for 30 second(s) with 100 milliseconds interval)
Build info: version: &apos;4.11.0&apos;, revision: &apos;040bc5406b&apos;
System info: os.name: &apos;Windows 11&apos;, os.arch: &apos;amd64&apos;, os.version: &apos;10.0&apos;, java.version: &apos;17.0.9&apos;
Driver info: driver.version: unknown
	at org.openqa.selenium.support.ui.FluentWait.timeoutException(FluentWait.java:262)
	at org.openqa.selenium.support.ui.FluentWait.until(FluentWait.java:230)
	at com.Validations.validationpopupMessages.validatingProductisAddtoCart(validationpopupMessages.java:36)
	at com.PageObjects.viewCartPage.removeBtn(viewCartPage.java:108)
	at com.PaymentProccess.MinicartViewCartProcess.checkoutprocess(MinicartViewCartProcess.java:53)
	at com.GuestUserWith_GiftCard.tc__HomePageBannerPLPInGC.homePageBannerPLPInGC(tc__HomePageBannerPLPInGC.java:25)
	at java.base/jdk.internal.reflect.NativeMethodAccessorImpl.invoke0(Native Method)
	at java.base/jdk.internal.reflect.NativeMethodAccessorImpl.invoke(NativeMethodAccessorImpl.java:77)
	at java.base/jdk.internal.reflect.DelegatingMethodAccessorImpl.invoke(DelegatingMethodAccessorImpl.java:43)
	at java.base/java.lang.reflect.Method.invoke(Method.java:568)
	at org.testng.internal.invokers.MethodInvocationHelper.invokeMethod(MethodInvocationHelper.java:139)
	at org.testng.internal.invokers.TestInvoker.invokeMethod(TestInvoker.java:677)
	at org.testng.internal.invokers.TestInvoker.invokeTestMethod(TestInvoker.java:221)
	at org.testng.internal.invokers.MethodRunner.runInSequence(MethodRunner.java:50)
	at org.testng.internal.invokers.TestInvoker$MethodInvocationAgent.invoke(TestInvoker.java:969)
	at org.testng.internal.invokers.TestInvoker.invokeTestMethods(TestInvoker.java:194)
	at org.testng.internal.invokers.TestMethodWorker.invokeTestMethods(TestMethodWorker.java:148)
	at org.testng.internal.invokers.TestMethodWorker.run(TestMethodWorker.java:128)
	at java.base/java.util.ArrayList.forEach(ArrayList.java:1511)
	at org.testng.TestRunner.privateRun(TestRunner.java:829)
	at org.testng.TestRunner.run(TestRunner.java:602)
	at org.testng.SuiteRunner.runTest(SuiteRunner.java:437)
	at org.testng.SuiteRunner.runSequentially(SuiteRunner.java:431)
	at org.testng.SuiteRunner.privateRun(SuiteRunner.java:391)
	at org.testng.SuiteRunner.run(SuiteRunner.java:330)
	at org.testng.SuiteRunnerWorker.runSuite(SuiteRunnerWorker.java:52)
	at org.testng.SuiteRunnerWorker.run(SuiteRunnerWorker.java:95)
	at org.testng.TestNG.runSuitesSequentially(TestNG.java:1256)
	at org.testng.TestNG.runSuitesLocally(TestNG.java:1176)
	at org.testng.TestNG.runSuites(TestNG.java:1099)
	at org.testng.TestNG.run(TestNG.java:1067)
	at org.testng.remote.AbstractRemoteTestNG.run(AbstractRemoteTestNG.java:115)
	at org.testng.remote.RemoteTestNG.initAndRun(RemoteTestNG.java:251)
	at org.testng.remote.RemoteTestNG.main(RemoteTestNG.java:77)
</pre></div></td>
<td>106</td>
<td>com.GuestUserWith_GiftCard.tc__HomePageBannerPLPInGC@29050de5</td></tr>
<tr>
<td title='com.GuestUserWith_CreditCard.tc__GuestUserRandomProductFromPLP_InCc.GuestUserRandomProductFromPLP_InCc()'><b>GuestUserRandomProductFromPLP_InCc</b><br>Test class: com.GuestUserWith_CreditCard.tc__GuestUserRandomProductFromPLP_InCc</td>
<td><div><pre>org.openqa.selenium.TimeoutException: Expected condition failed: waiting for visibility of element located by By.xpath: (//div[contains(text(),&apos;Successfully added to your cart.&apos;)])[2] (tried for 30 second(s) with 100 milliseconds interval)
Build info: version: &apos;4.11.0&apos;, revision: &apos;040bc5406b&apos;
System info: os.name: &apos;Windows 11&apos;, os.arch: &apos;amd64&apos;, os.version: &apos;10.0&apos;, java.version: &apos;17.0.9&apos;
Driver info: driver.version: unknown
	at org.openqa.selenium.support.ui.FluentWait.timeoutException(FluentWait.java:262)
	at org.openqa.selenium.support.ui.FluentWait.until(FluentWait.java:230)
	at com.PageObjects.productListingPage.addToCartFromPlp(productListingPage.java:83)
	at com.Scenarios.plpPage.addtocartplp(plpPage.java:20)
	at com.GuestUserWith_CreditCard.tc__GuestUserRandomProductFromPLP_InCc.GuestUserRandomProductFromPLP_InCc(tc__GuestUserRandomProductFromPLP_InCc.java:25)
	at java.base/java.util.ArrayList.forEach(ArrayList.java:1511)
... Removed 27 stack frames</pre></div><a href='#' onClick='toggleBox("stack-trace1201284179", this, "Click to show all stack frames", "Click to hide stack frames")'>Click to show all stack frames</a>
<div class='stack-trace' id='stack-trace1201284179'><pre>org.openqa.selenium.TimeoutException: Expected condition failed: waiting for visibility of element located by By.xpath: (//div[contains(text(),&apos;Successfully added to your cart.&apos;)])[2] (tried for 30 second(s) with 100 milliseconds interval)
Build info: version: &apos;4.11.0&apos;, revision: &apos;040bc5406b&apos;
System info: os.name: &apos;Windows 11&apos;, os.arch: &apos;amd64&apos;, os.version: &apos;10.0&apos;, java.version: &apos;17.0.9&apos;
Driver info: driver.version: unknown
	at org.openqa.selenium.support.ui.FluentWait.timeoutException(FluentWait.java:262)
	at org.openqa.selenium.support.ui.FluentWait.until(FluentWait.java:230)
	at com.PageObjects.productListingPage.addToCartFromPlp(productListingPage.java:83)
	at com.Scenarios.plpPage.addtocartplp(plpPage.java:20)
	at com.GuestUserWith_CreditCard.tc__GuestUserRandomProductFromPLP_InCc.GuestUserRandomProductFromPLP_InCc(tc__GuestUserRandomProductFromPLP_InCc.java:25)
	at java.base/jdk.internal.reflect.NativeMethodAccessorImpl.invoke0(Native Method)
	at java.base/jdk.internal.reflect.NativeMethodAccessorImpl.invoke(NativeMethodAccessorImpl.java:77)
	at java.base/jdk.internal.reflect.DelegatingMethodAccessorImpl.invoke(DelegatingMethodAccessorImpl.java:43)
	at java.base/java.lang.reflect.Method.invoke(Method.java:568)
	at org.testng.internal.invokers.MethodInvocationHelper.invokeMethod(MethodInvocationHelper.java:139)
	at org.testng.internal.invokers.TestInvoker.invokeMethod(TestInvoker.java:677)
	at org.testng.internal.invokers.TestInvoker.invokeTestMethod(TestInvoker.java:221)
	at org.testng.internal.invokers.MethodRunner.runInSequence(MethodRunner.java:50)
	at org.testng.internal.invokers.TestInvoker$MethodInvocationAgent.invoke(TestInvoker.java:969)
	at org.testng.internal.invokers.TestInvoker.invokeTestMethods(TestInvoker.java:194)
	at org.testng.internal.invokers.TestMethodWorker.invokeTestMethods(TestMethodWorker.java:148)
	at org.testng.internal.invokers.TestMethodWorker.run(TestMethodWorker.java:128)
	at java.base/java.util.ArrayList.forEach(ArrayList.java:1511)
	at org.testng.TestRunner.privateRun(TestRunner.java:829)
	at org.testng.TestRunner.run(TestRunner.java:602)
	at org.testng.SuiteRunner.runTest(SuiteRunner.java:437)
	at org.testng.SuiteRunner.runSequentially(SuiteRunner.java:431)
	at org.testng.SuiteRunner.privateRun(SuiteRunner.java:391)
	at org.testng.SuiteRunner.run(SuiteRunner.java:330)
	at org.testng.SuiteRunnerWorker.runSuite(SuiteRunnerWorker.java:52)
	at org.testng.SuiteRunnerWorker.run(SuiteRunnerWorker.java:95)
	at org.testng.TestNG.runSuitesSequentially(TestNG.java:1256)
	at org.testng.TestNG.runSuitesLocally(TestNG.java:1176)
	at org.testng.TestNG.runSuites(TestNG.java:1099)
	at org.testng.TestNG.run(TestNG.java:1067)
	at org.testng.remote.AbstractRemoteTestNG.run(AbstractRemoteTestNG.java:115)
	at org.testng.remote.RemoteTestNG.initAndRun(RemoteTestNG.java:251)
	at org.testng.remote.RemoteTestNG.main(RemoteTestNG.java:77)
</pre></div></td>
<td>85</td>
<td>com.GuestUserWith_CreditCard.tc__GuestUserRandomProductFromPLP_InCc@62f11ebb</td></tr>
</table><p>
<table width='100%' border='1' class='invocation-passed'>
<tr><td colspan='4' align='center'><b>PASSED TESTS</b></td></tr>
<tr><td><b>Test method</b></td>
<td><b>Attribute(s)</b></td>
<td width="30%"><b>Exception</b></td>
<td width="10%"><b>Time (seconds)</b></td>
<td><b>Instance</b></td>
</tr>
<tr>
<td title='com.GuestUserWith_CreditCard.tc__BySearchingProduct_GuestUser_InCC.bySearchingProduct_GuestUser_InCC()'><b>bySearchingProduct_GuestUser_InCC</b><br>Test class: com.GuestUserWith_CreditCard.tc__BySearchingProduct_GuestUser_InCC</td>
<td></td>
<td>159</td>
<td>com.GuestUserWith_CreditCard.tc__BySearchingProduct_GuestUser_InCC@21bd128b</td></tr>
<tr>
<td title='com.GuestUserWith_GiftCard.tc__BySearchingProduct_GuestUser_InGc.bySearchingProduct_GuestUser_InGc()'><b>bySearchingProduct_GuestUser_InGc</b><br>Test class: com.GuestUserWith_GiftCard.tc__BySearchingProduct_GuestUser_InGc</td>
<td></td>
<td>144</td>
<td>com.GuestUserWith_GiftCard.tc__BySearchingProduct_GuestUser_InGc@1290ed28</td></tr>
<tr>
<td title='com.GuestUserWith_CreditCard.tc__HomePageCLPInCC.HomePageCLPInCC()'><b>HomePageCLPInCC</b><br>Test class: com.GuestUserWith_CreditCard.tc__HomePageCLPInCC</td>
<td></td>
<td>28</td>
<td>com.GuestUserWith_CreditCard.tc__HomePageCLPInCC@580fd26b</td></tr>
<tr>
<td title='com.GuestUserWith_GiftCard.tc__GuestUserRandomProductFromPLP_InGc.guestUserRandomProductFromPLP_InGc()'><b>guestUserRandomProductFromPLP_InGc</b><br>Test class: com.GuestUserWith_GiftCard.tc__GuestUserRandomProductFromPLP_InGc</td>
<td></td>
<td>192</td>
<td>com.GuestUserWith_GiftCard.tc__GuestUserRandomProductFromPLP_InGc@4091b9c3</td></tr>
<tr>
<td title='com.GuestUserWith_CreditCard.tc__OnlyGiftCards_GuestUser_InCc.OnlyGiftCards()'><b>OnlyGiftCards</b><br>Test class: com.GuestUserWith_CreditCard.tc__OnlyGiftCards_GuestUser_InCc</td>
<td></td>
<td>127</td>
<td>com.GuestUserWith_CreditCard.tc__OnlyGiftCards_GuestUser_InCc@78fe204a</td></tr>
<tr>
<td title='com.GuestUserWith_Checkout_Paypal.tc__GuestUserRandomProductFromPLP_InCheckoutPaypal.GuestUserRandomProductFromPLP_InCheckoutPaypal()'><b>GuestUserRandomProductFromPLP_InCheckoutPaypal</b><br>Test class: com.GuestUserWith_Checkout_Paypal.tc__GuestUserRandomProductFromPLP_InCheckoutPaypal</td>
<td></td>
<td>191</td>
<td>com.GuestUserWith_Checkout_Paypal.tc__GuestUserRandomProductFromPLP_InCheckoutPaypal@2d119405</td></tr>
<tr>
<td title='com.GuestUserWith_Checkout_Paypal.tc__BySearchingProduct_GuestUser_InCheckoutPaypal.bySearchingProduct_GuestUser_InCheckoutPaypal()'><b>bySearchingProduct_GuestUser_InCheckoutPaypal</b><br>Test class: com.GuestUserWith_Checkout_Paypal.tc__BySearchingProduct_GuestUser_InCheckoutPaypal</td>
<td></td>
<td>160</td>
<td>com.GuestUserWith_Checkout_Paypal.tc__BySearchingProduct_GuestUser_InCheckoutPaypal@6e31d989</td></tr>
<tr>
<td title='com.GuestUserWith_CreditCard.tc__HomePageBannerPLPInCC.HomePageBannerPLP()'><b>HomePageBannerPLP</b><br>Test class: com.GuestUserWith_CreditCard.tc__HomePageBannerPLPInCC</td>
<td></td>
<td>177</td>
<td>com.GuestUserWith_CreditCard.tc__HomePageBannerPLPInCC@a6c54c3</td></tr>
<tr>
<td title='com.GuestUserWith_GiftCard.tc__GuestUserRandomProductFromPDP_InGc.guestUserRandomProductFromPDP_InGc()'><b>guestUserRandomProductFromPDP_InGc</b><br>Test class: com.GuestUserWith_GiftCard.tc__GuestUserRandomProductFromPDP_InGc</td>
<td></td>
<td>169</td>
<td>com.GuestUserWith_GiftCard.tc__GuestUserRandomProductFromPDP_InGc@7a3269f5</td></tr>
<tr>
<td title='com.GuestUserWith_CreditCard.tc__GuestUserRandomProductFromPDP_InCc.ProductFromPDP()'><b>ProductFromPDP</b><br>Test class: com.GuestUserWith_CreditCard.tc__GuestUserRandomProductFromPDP_InCc</td>
<td></td>
<td>157</td>
<td>com.GuestUserWith_CreditCard.tc__GuestUserRandomProductFromPDP_InCc@2d0b05</td></tr>
<tr>
<td title='com.GuestUserWith_Checkout_Paypal.tc__HomePageBannerPLPInCheckoutPaypal.HomePageBannerPLPInCheckoutPaypal()'><b>HomePageBannerPLPInCheckoutPaypal</b><br>Test class: com.GuestUserWith_Checkout_Paypal.tc__HomePageBannerPLPInCheckoutPaypal</td>
<td></td>
<td>183</td>
<td>com.GuestUserWith_Checkout_Paypal.tc__HomePageBannerPLPInCheckoutPaypal@57e388c3</td></tr>
<tr>
<td title='com.GuestUserWith_GiftCard.tc__HomePageCLPInGc.homePageCLPInGc()'><b>homePageCLPInGc</b><br>Test class: com.GuestUserWith_GiftCard.tc__HomePageCLPInGc</td>
<td></td>
<td>199</td>
<td>com.GuestUserWith_GiftCard.tc__HomePageCLPInGc@72b6832e</td></tr>
</table><p>
</body>
</html>