<!DOCTYPE html PUBLIC "-//W3C//DTD XHTML 1.1//EN" "https://www.w3.org/TR/xhtml11/DTD/xhtml11.dtd">
<html xmlns="https://www.w3.org/1999/xhtml">
<head>
<meta http-equiv="content-type" content="text/html; charset=UTF-8"/>
<title>TestNG Report</title>
<style type="text/css">table {margin-bottom:10px;border-collapse:collapse;empty-cells:show}th,td {border:1px solid #009;padding:.25em .5em}th {vertical-align:bottom}td {vertical-align:top}table a {font-weight:bold}.stripe td {background-color: #E6EBF9}.num {text-align:right}.passedodd td {background-color: #3F3}.passedeven td {background-color: #0A0}.skippedodd td {background-color: #DDD}.skippedeven td {background-color: #CCC}.failedodd td,.attn {background-color: #F33}.failedeven td,.stripe .attn {background-color: #D00}.stacktrace {white-space:pre;font-family:monospace}.totop {font-size:85%;text-align:center;border-bottom:2px solid #000}.invisible {display:none}</style>
</head>
<body>
<table>
<tr><th>Test</th><th># Passed</th><th># Skipped</th><th># Retried</th><th># Failed</th><th>Time (ms)</th><th>Included Groups</th><th>Excluded Groups</th></tr>
<tr><th colspan="8">FMGTestCases</th></tr>
<tr><td><a href="#t0">Automation</a></td><td class="num">0</td><td class="num">0</td><td class="num">0</td><td class="num attn">5</td><td class="num">592,079</td><td></td><td></td></tr>
</table>
<table id='summary'><thead><tr><th>Class</th><th>Method</th><th>Start</th><th>Time (ms)</th></tr></thead><tbody><tr><th colspan="4">FMGTestCases</th></tr></tbody><tbody id="t0"><tr><th colspan="4">Automation &#8212; failed</th></tr><tr class="failedeven"><td rowspan="1">com.GuestUserWith_GcAndPaypal.tc__BySearchingProduct_GuestUser_InGcAndPaypal</td><td><a href="#m0">bySearchingProduct_GuestUser_InGcAndPaypal</a></td><td rowspan="1">1700747431629</td><td rowspan="1">194763</td></tr><tr class="failedodd"><td rowspan="1">com.GuestUserWith_GcAndPaypal.tc__GuestUserRandomProductFromPDP_InGcAndPaypal</td><td><a href="#m1">guestUserRandomProductFromPDP_InGcAndPaypal</a></td><td rowspan="1">1700747628561</td><td rowspan="1">31292</td></tr><tr class="failedeven"><td rowspan="1">com.GuestUserWith_GcAndPaypal.tc__GuestUserRandomProductFromPLP_InGcAndPaypal</td><td><a href="#m2">guestUserRandomProductFromPLP_InGcAndPaypal</a></td><td rowspan="1">1700747662147</td><td rowspan="1">103700</td></tr><tr class="failedodd"><td rowspan="1">com.GuestUserWith_GcAndPaypal.tc__HomePageBannerPLPInGcAndPaypal</td><td><a href="#m3">homePageBannerPLPInGcAndPaypal</a></td><td rowspan="1">1700747768074</td><td rowspan="1">78691</td></tr><tr class="failedeven"><td rowspan="1">com.GuestUserWith_GcAndPaypal.tc__HomePageCLPInGcAndPaypal</td><td><a href="#m4">homePageCLPInGcAndPaypal</a></td><td rowspan="1">1700747848928</td><td rowspan="1">172518</td></tr></tbody>
</table>
<h2>Automation</h2><h3 id="m0">com.GuestUserWith_GcAndPaypal.tc__BySearchingProduct_GuestUser_InGcAndPaypal#bySearchingProduct_GuestUser_InGcAndPaypal</h3><table class="result"><tr><th>Exception</th></tr><tr><td><div class="stacktrace">java.lang.NumberFormatException: empty String
	at java.base/jdk.internal.math.FloatingDecimal.readJavaFormatString(FloatingDecimal.java:1842)
	at java.base/jdk.internal.math.FloatingDecimal.parseFloat(FloatingDecimal.java:122)
	at java.base/java.lang.Float.parseFloat(Float.java:476)
	at com.PageObjects.taxCalculation.totalProductValidation(taxCalculation.java:77)
	at com.PaymentProccess.CheckOutProcessByPayPal.checkoutprocessFromCheckout(CheckOutProcessByPayPal.java:192)
	at com.commonfunctionality.Gc__CC_Paypal.paymentProccessByGCandPaypal(Gc__CC_Paypal.java:179)
	at com.GuestUserWith_GcAndPaypal.tc__BySearchingProduct_GuestUser_InGcAndPaypal.bySearchingProduct_GuestUser_InGcAndPaypal(tc__BySearchingProduct_GuestUser_InGcAndPaypal.java:32)
	at java.base/java.util.ArrayList.forEach(ArrayList.java:1511)
... Removed 27 stack frames</div></td></tr></table><p class="totop"><a href="#summary">back to summary</a></p>
<h3 id="m1">com.GuestUserWith_GcAndPaypal.tc__GuestUserRandomProductFromPDP_InGcAndPaypal#guestUserRandomProductFromPDP_InGcAndPaypal</h3><table class="result"><tr><th>Exception</th></tr><tr><td><div class="stacktrace">org.openqa.selenium.NoSuchElementException: no such element: Unable to locate element: {&quot;method&quot;:&quot;xpath&quot;,&quot;selector&quot;:&quot;//div[contains(@class, &apos;refinement-device&apos;)]//span&quot;}
  (Session info: chrome=119.0.6045.160)
For documentation on this error, please visit: https://www.selenium.dev/documentation/webdriver/troubleshooting/errors#no-such-element-exception
Build info: version: &apos;4.11.0&apos;, revision: &apos;040bc5406b&apos;
System info: os.name: &apos;Windows 11&apos;, os.arch: &apos;amd64&apos;, os.version: &apos;10.0&apos;, java.version: &apos;17.0.9&apos;
Driver info: org.openqa.selenium.chrome.ChromeDriver
Command: [dd36b272d6436afdadc516695f8271e3, findElement {using=xpath, value=//div[contains(@class, &apos;refinement-device&apos;)]//span}]
Capabilities {acceptInsecureCerts: false, browserName: chrome, browserVersion: 119.0.6045.160, chrome: {chromedriverVersion: 119.0.6045.105 (38c72552c5e..., userDataDir: C:\Users\YERRAG~1\AppData\L...}, fedcm:accounts: true, goog:chromeOptions: {debuggerAddress: localhost:63423}, networkConnectionEnabled: false, pageLoadStrategy: normal, platformName: windows, proxy: Proxy(), se:cdp: ws://localhost:63423/devtoo..., se:cdpVersion: 119.0.6045.160, setWindowRect: true, strictFileInteractability: false, timeouts: {implicit: 0, pageLoad: 300000, script: 30000}, unhandledPromptBehavior: dismiss and notify, webauthn:extension:credBlob: true, webauthn:extension:largeBlob: true, webauthn:extension:minPinLength: true, webauthn:extension:prf: true, webauthn:virtualAuthenticators: true}
Session ID: dd36b272d6436afdadc516695f8271e3
	at org.openqa.selenium.remote.codec.w3c.W3CHttpResponseCodec.createException(W3CHttpResponseCodec.java:200)
	at org.openqa.selenium.remote.codec.w3c.W3CHttpResponseCodec.decode(W3CHttpResponseCodec.java:133)
	at org.openqa.selenium.remote.codec.w3c.W3CHttpResponseCodec.decode(W3CHttpResponseCodec.java:52)
	at org.openqa.selenium.remote.HttpCommandExecutor.execute(HttpCommandExecutor.java:191)
	at org.openqa.selenium.remote.service.DriverCommandExecutor.invokeExecute(DriverCommandExecutor.java:196)
	at org.openqa.selenium.remote.service.DriverCommandExecutor.execute(DriverCommandExecutor.java:171)
	at org.openqa.selenium.remote.RemoteWebDriver.execute(RemoteWebDriver.java:518)
	at org.openqa.selenium.remote.ElementLocation$ElementFinder$2.findElement(ElementLocation.java:165)
	at org.openqa.selenium.remote.ElementLocation.findElement(ElementLocation.java:59)
	at org.openqa.selenium.remote.RemoteWebDriver.findElement(RemoteWebDriver.java:355)
	at org.openqa.selenium.remote.RemoteWebDriver.findElement(RemoteWebDriver.java:349)
	at com.PageObjects.productListingPage.selectaFilterFormPLP(productListingPage.java:456)
	at com.Scenarios.plpPage.addtocartplp(plpPage.java:31)
	at com.Scenarios.menuSelction.randommenu(menuSelction.java:72)
	at com.PageObjects.NavigationProcess.selectRandomMenu(NavigationProcess.java:19)
	at com.Scenarios.pdpPage.addtoCartPDP(pdpPage.java:75)
	at com.GuestUserWith_GcAndPaypal.tc__GuestUserRandomProductFromPDP_InGcAndPaypal.guestUserRandomProductFromPDP_InGcAndPaypal(tc__GuestUserRandomProductFromPDP_InGcAndPaypal.java:21)
	at java.base/java.util.ArrayList.forEach(ArrayList.java:1511)
... Removed 32 stack frames</div></td></tr></table><p class="totop"><a href="#summary">back to summary</a></p>
<h3 id="m2">com.GuestUserWith_GcAndPaypal.tc__GuestUserRandomProductFromPLP_InGcAndPaypal#guestUserRandomProductFromPLP_InGcAndPaypal</h3><table class="result"><tr><th>Exception</th></tr><tr><td><div class="stacktrace">org.openqa.selenium.interactions.MoveTargetOutOfBoundsException: move target out of bounds
  (Session info: chrome=119.0.6045.160)
Build info: version: &apos;4.11.0&apos;, revision: &apos;040bc5406b&apos;
System info: os.name: &apos;Windows 11&apos;, os.arch: &apos;amd64&apos;, os.version: &apos;10.0&apos;, java.version: &apos;17.0.9&apos;
Driver info: org.openqa.selenium.chrome.ChromeDriver
Command: [dd36b272d6436afdadc516695f8271e3, actions {actions=[org.openqa.selenium.interactions.Sequence@1784fcab]}]
Capabilities {acceptInsecureCerts: false, browserName: chrome, browserVersion: 119.0.6045.160, chrome: {chromedriverVersion: 119.0.6045.105 (38c72552c5e..., userDataDir: C:\Users\YERRAG~1\AppData\L...}, fedcm:accounts: true, goog:chromeOptions: {debuggerAddress: localhost:63423}, networkConnectionEnabled: false, pageLoadStrategy: normal, platformName: windows, proxy: Proxy(), se:cdp: ws://localhost:63423/devtoo..., se:cdpVersion: 119.0.6045.160, setWindowRect: true, strictFileInteractability: false, timeouts: {implicit: 0, pageLoad: 300000, script: 30000}, unhandledPromptBehavior: dismiss and notify, webauthn:extension:credBlob: true, webauthn:extension:largeBlob: true, webauthn:extension:minPinLength: true, webauthn:extension:prf: true, webauthn:virtualAuthenticators: true}
Session ID: dd36b272d6436afdadc516695f8271e3
	at org.openqa.selenium.remote.codec.w3c.W3CHttpResponseCodec.createException(W3CHttpResponseCodec.java:200)
	at org.openqa.selenium.remote.codec.w3c.W3CHttpResponseCodec.decode(W3CHttpResponseCodec.java:133)
	at org.openqa.selenium.remote.codec.w3c.W3CHttpResponseCodec.decode(W3CHttpResponseCodec.java:52)
	at org.openqa.selenium.remote.HttpCommandExecutor.execute(HttpCommandExecutor.java:191)
	at org.openqa.selenium.remote.service.DriverCommandExecutor.invokeExecute(DriverCommandExecutor.java:196)
	at org.openqa.selenium.remote.service.DriverCommandExecutor.execute(DriverCommandExecutor.java:171)
	at org.openqa.selenium.remote.RemoteWebDriver.execute(RemoteWebDriver.java:518)
	at org.openqa.selenium.remote.RemoteWebDriver.perform(RemoteWebDriver.java:604)
	at org.openqa.selenium.interactions.Actions$BuiltAction.perform(Actions.java:605)
	at org.openqa.selenium.interactions.Actions.perform(Actions.java:574)
	at com.PageObjects.miniCartPage.hoverOnCartButton(miniCartPage.java:31)
	at com.PageObjects.TierPrice.tierPriceAndColor(TierPrice.java:22)
	at com.PageObjects.viewCartPage.quantityInsertionInCartPage(viewCartPage.java:215)
	at com.PaymentProccess.MinicartViewCartProcess.checkoutprocess(MinicartViewCartProcess.java:85)
	at com.GuestUserWith_GcAndPaypal.tc__GuestUserRandomProductFromPLP_InGcAndPaypal.guestUserRandomProductFromPLP_InGcAndPaypal(tc__GuestUserRandomProductFromPLP_InGcAndPaypal.java:32)
	at java.base/java.util.ArrayList.forEach(ArrayList.java:1511)
... Removed 32 stack frames</div></td></tr></table><p class="totop"><a href="#summary">back to summary</a></p>
<h3 id="m3">com.GuestUserWith_GcAndPaypal.tc__HomePageBannerPLPInGcAndPaypal#homePageBannerPLPInGcAndPaypal</h3><table class="result"><tr><th>Exception</th></tr><tr><td><div class="stacktrace">org.openqa.selenium.StaleElementReferenceException: stale element reference: stale element not found
  (Session info: chrome=119.0.6045.160)
For documentation on this error, please visit: https://www.selenium.dev/documentation/webdriver/troubleshooting/errors#stale-element-reference-exception
Build info: version: &apos;4.11.0&apos;, revision: &apos;040bc5406b&apos;
System info: os.name: &apos;Windows 11&apos;, os.arch: &apos;amd64&apos;, os.version: &apos;10.0&apos;, java.version: &apos;17.0.9&apos;
Driver info: org.openqa.selenium.chrome.ChromeDriver
Command: [dd36b272d6436afdadc516695f8271e3, clearElement {id=938C25FBB55585120A47904FFFE915DB_element_1861}]
Capabilities {acceptInsecureCerts: false, browserName: chrome, browserVersion: 119.0.6045.160, chrome: {chromedriverVersion: 119.0.6045.105 (38c72552c5e..., userDataDir: C:\Users\YERRAG~1\AppData\L...}, fedcm:accounts: true, goog:chromeOptions: {debuggerAddress: localhost:63423}, networkConnectionEnabled: false, pageLoadStrategy: normal, platformName: windows, proxy: Proxy(), se:cdp: ws://localhost:63423/devtoo..., se:cdpVersion: 119.0.6045.160, setWindowRect: true, strictFileInteractability: false, timeouts: {implicit: 0, pageLoad: 300000, script: 30000}, unhandledPromptBehavior: dismiss and notify, webauthn:extension:credBlob: true, webauthn:extension:largeBlob: true, webauthn:extension:minPinLength: true, webauthn:extension:prf: true, webauthn:virtualAuthenticators: true}
Element: [[ChromeDriver: chrome on windows (dd36b272d6436afdadc516695f8271e3)] -&gt; xpath: (//input[@name=&apos;quantity&apos;])[1]]
Session ID: dd36b272d6436afdadc516695f8271e3
	at org.openqa.selenium.remote.codec.w3c.W3CHttpResponseCodec.createException(W3CHttpResponseCodec.java:200)
	at org.openqa.selenium.remote.codec.w3c.W3CHttpResponseCodec.decode(W3CHttpResponseCodec.java:133)
	at org.openqa.selenium.remote.codec.w3c.W3CHttpResponseCodec.decode(W3CHttpResponseCodec.java:52)
	at org.openqa.selenium.remote.HttpCommandExecutor.execute(HttpCommandExecutor.java:191)
	at org.openqa.selenium.remote.service.DriverCommandExecutor.invokeExecute(DriverCommandExecutor.java:196)
	at org.openqa.selenium.remote.service.DriverCommandExecutor.execute(DriverCommandExecutor.java:171)
	at org.openqa.selenium.remote.RemoteWebDriver.execute(RemoteWebDriver.java:518)
	at org.openqa.selenium.remote.RemoteWebElement.execute(RemoteWebElement.java:224)
	at org.openqa.selenium.remote.RemoteWebElement.clear(RemoteWebElement.java:130)
	at com.PageObjects.viewCartPage.quantityInsertionInCartPage(viewCartPage.java:182)
	at com.PaymentProccess.MinicartViewCartProcess.checkoutprocess(MinicartViewCartProcess.java:85)
	at com.GuestUserWith_GcAndPaypal.tc__HomePageBannerPLPInGcAndPaypal.homePageBannerPLPInGcAndPaypal(tc__HomePageBannerPLPInGcAndPaypal.java:25)
	at java.base/java.util.ArrayList.forEach(ArrayList.java:1511)
... Removed 32 stack frames</div></td></tr></table><p class="totop"><a href="#summary">back to summary</a></p>
<h3 id="m4">com.GuestUserWith_GcAndPaypal.tc__HomePageCLPInGcAndPaypal#homePageCLPInGcAndPaypal</h3><table class="result"><tr><th>Exception</th></tr><tr><td><div class="stacktrace">org.openqa.selenium.ElementClickInterceptedException: element click intercepted: Element is not clickable at point (288, 750)
  (Session info: chrome=119.0.6045.160)
Build info: version: &apos;4.11.0&apos;, revision: &apos;040bc5406b&apos;
System info: os.name: &apos;Windows 11&apos;, os.arch: &apos;amd64&apos;, os.version: &apos;10.0&apos;, java.version: &apos;17.0.9&apos;
Driver info: org.openqa.selenium.chrome.ChromeDriver
Command: [dd36b272d6436afdadc516695f8271e3, clickElement {id=C9DC3736B4E674F6CF50BD29C3643DFC_element_2779}]
Capabilities {acceptInsecureCerts: false, browserName: chrome, browserVersion: 119.0.6045.160, chrome: {chromedriverVersion: 119.0.6045.105 (38c72552c5e..., userDataDir: C:\Users\YERRAG~1\AppData\L...}, fedcm:accounts: true, goog:chromeOptions: {debuggerAddress: localhost:63423}, networkConnectionEnabled: false, pageLoadStrategy: normal, platformName: windows, proxy: Proxy(), se:cdp: ws://localhost:63423/devtoo..., se:cdpVersion: 119.0.6045.160, setWindowRect: true, strictFileInteractability: false, timeouts: {implicit: 0, pageLoad: 300000, script: 30000}, unhandledPromptBehavior: dismiss and notify, webauthn:extension:credBlob: true, webauthn:extension:largeBlob: true, webauthn:extension:minPinLength: true, webauthn:extension:prf: true, webauthn:virtualAuthenticators: true}
Element: [[ChromeDriver: chrome on windows (dd36b272d6436afdadc516695f8271e3)] -&gt; id: gift-promo]
Session ID: dd36b272d6436afdadc516695f8271e3
	at org.openqa.selenium.remote.codec.w3c.W3CHttpResponseCodec.createException(W3CHttpResponseCodec.java:200)
	at org.openqa.selenium.remote.codec.w3c.W3CHttpResponseCodec.decode(W3CHttpResponseCodec.java:133)
	at org.openqa.selenium.remote.codec.w3c.W3CHttpResponseCodec.decode(W3CHttpResponseCodec.java:52)
	at org.openqa.selenium.remote.HttpCommandExecutor.execute(HttpCommandExecutor.java:191)
	at org.openqa.selenium.remote.service.DriverCommandExecutor.invokeExecute(DriverCommandExecutor.java:196)
	at org.openqa.selenium.remote.service.DriverCommandExecutor.execute(DriverCommandExecutor.java:171)
	at org.openqa.selenium.remote.RemoteWebDriver.execute(RemoteWebDriver.java:518)
	at org.openqa.selenium.remote.RemoteWebElement.execute(RemoteWebElement.java:224)
	at org.openqa.selenium.remote.RemoteWebElement.click(RemoteWebElement.java:77)
	at com.commonfunctionality.Gc__CC_Paypal.paymentProccessByGCandCC(Gc__CC_Paypal.java:31)
	at com.GuestUserWith_GcAndPaypal.tc__HomePageCLPInGcAndPaypal.homePageCLPInGcAndPaypal(tc__HomePageCLPInGcAndPaypal.java:29)
	at java.base/java.util.ArrayList.forEach(ArrayList.java:1511)
... Removed 32 stack frames</div></td></tr></table><p class="totop"><a href="#summary">back to summary</a></p>
</body>
</html>
